Unity Editor version:    2020.3.33f1 (915a7af8b0d5)
Branch:                  2020.3/staging
Build type:              Release
Batch mode:              YES
macOS version:           Version 12.5 (Build 21G72)
Darwin version:          21.6.0
Architecture:            x86_64
Running under Rosetta:   YES
Available memory:        16384 MB
Using pre-set license
Pro License: NO

COMMAND LINE ARGUMENTS:
/Applications/Unity/Hub/Editor/2020.3.33f1/Unity.app/Contents/MacOS/Unity
-adb2
-batchMode
-noUpm
-name
AssetImportWorker0
-projectPath
/Users/junishikawa/Desktop/Leaders(~2022:7:31)/KNOCKROBOTSTRUE/KNOCKROBOTSTRUE
-logFile
Logs/AssetImportWorker0.log
-srvPort
49395
Successfully changed project path to: /Users/junishikawa/Desktop/Leaders(~2022:7:31)/KNOCKROBOTSTRUE/KNOCKROBOTSTRUE
/Users/junishikawa/Desktop/Leaders(~2022:7:31)/KNOCKROBOTSTRUE/KNOCKROBOTSTRUE
Using Asset Import Pipeline V2.
Refreshing native plugins compatible for Editor in 66.17 ms, found 3 plugins.
Preloading 0 native plugins for Editor in 0.00 ms.
Initialize engine version: 2020.3.33f1 (915a7af8b0d5)
[Subsystems] Discovering subsystems at path /Applications/Unity/Hub/Editor/2020.3.33f1/Unity.app/Contents/Resources/UnitySubsystems
[Subsystems] Discovering subsystems at path /Users/junishikawa/Desktop/Leaders(~2022:7:31)/KNOCKROBOTSTRUE/KNOCKROBOTSTRUE/Assets
GfxDevice: creating device client; threaded=0
2022-09-08 20:23:32.062 Unity[97934:10255454] (null) preferred device: Apple M1 (high power)
2022-09-08 20:23:32.062 Unity[97934:10255454] Metal devices available: 1
2022-09-08 20:23:32.062 Unity[97934:10255454] 0: Apple M1 (high power)
2022-09-08 20:23:32.062 Unity[97934:10255454] Using device Apple M1 (high power)
Initializing Metal device caps: Apple M1
Initialize mono
Mono path[0] = '/Applications/Unity/Hub/Editor/2020.3.33f1/Unity.app/Contents/Managed'
Mono path[1] = '/Applications/Unity/Hub/Editor/2020.3.33f1/Unity.app/Contents/MonoBleedingEdge/lib/mono/unityjit'
Mono config path = '/Applications/Unity/Hub/Editor/2020.3.33f1/Unity.app/Contents/MonoBleedingEdge/etc'
Using monoOptions --debugger-agent=transport=dt_socket,embedding=1,server=y,suspend=n,address=127.0.0.1:56934
Begin MonoManager ReloadAssembly
Registering precompiled unity dll's ...
Register platform support module: /Applications/Unity/Hub/Editor/2020.3.33f1/PlaybackEngines/WebGLSupport/UnityEditor.WebGL.Extensions.dll
Register platform support module: /Applications/Unity/Hub/Editor/2020.3.33f1/Unity.app/Contents/PlaybackEngines/MacStandaloneSupport/UnityEditor.OSXStandalone.Extensions.dll
Registered in 0.004091 seconds.
Native extension for OSXStandalone target not found
Native extension for WebGL target not found
Refreshing native plugins compatible for Editor in 52.69 ms, found 3 plugins.
Preloading 0 native plugins for Editor in 0.00 ms.
Mono: successfully reloaded assembly
- Completed reload, in  1.418 seconds
Domain Reload Profiling:
	ReloadAssembly (1419ms)
		BeginReloadAssembly (112ms)
			ExecutionOrderSort (0ms)
			DisableScriptedObjects (0ms)
			BackupInstance (0ms)
			ReleaseScriptingObjects (0ms)
			CreateAndSetChildDomain (3ms)
		EndReloadAssembly (1168ms)
			LoadAssemblies (111ms)
			RebuildTransferFunctionScriptingTraits (0ms)
			SetupTypeCache (275ms)
			ReleaseScriptCaches (0ms)
			RebuildScriptCaches (41ms)
			SetupLoadedEditorAssemblies (536ms)
				LogAssemblyErrors (0ms)
				InitializePlatformSupportModulesInManaged (16ms)
				SetLoadedEditorAssemblies (1ms)
				RefreshPlugins (53ms)
				BeforeProcessingInitializeOnLoad (70ms)
				ProcessInitializeOnLoadAttributes (301ms)
				ProcessInitializeOnLoadMethodAttributes (95ms)
				AfterProcessingInitializeOnLoad (0ms)
				EditorAssembliesLoaded (0ms)
			ExecutionOrderSort2 (0ms)
			AwakeInstancesAfterBackupRestoration (0ms)
Platform modules already initialized, skipping
Registering precompiled user dll's ...
Registered in 0.003186 seconds.
Begin MonoManager ReloadAssembly
Symbol file LoadedFromMemory doesn't match image /Users/junishikawa/Desktop/Leaders(~2022:7:31)/KNOCKROBOTSTRUE/KNOCKROBOTSTRUE/Library/PackageCache/com.unity.collab-proxy@1.15.15/Lib/Editor/PlasticSCM/unityplastic.dll
Native extension for OSXStandalone target not found
Native extension for WebGL target not found
Refreshing native plugins compatible for Editor in 45.38 ms, found 3 plugins.
Preloading 0 native plugins for Editor in 0.00 ms.
Mono: successfully reloaded assembly
- Completed reload, in  2.171 seconds
Domain Reload Profiling:
	ReloadAssembly (2173ms)
		BeginReloadAssembly (247ms)
			ExecutionOrderSort (0ms)
			DisableScriptedObjects (32ms)
			BackupInstance (0ms)
			ReleaseScriptingObjects (0ms)
			CreateAndSetChildDomain (32ms)
		EndReloadAssembly (1839ms)
			LoadAssemblies (193ms)
			RebuildTransferFunctionScriptingTraits (0ms)
			SetupTypeCache (335ms)
			ReleaseScriptCaches (0ms)
			RebuildScriptCaches (54ms)
			SetupLoadedEditorAssemblies (966ms)
				LogAssemblyErrors (0ms)
				InitializePlatformSupportModulesInManaged (11ms)
				SetLoadedEditorAssemblies (0ms)
				RefreshPlugins (45ms)
				BeforeProcessingInitializeOnLoad (169ms)
				ProcessInitializeOnLoadAttributes (691ms)
				ProcessInitializeOnLoadMethodAttributes (49ms)
				AfterProcessingInitializeOnLoad (1ms)
				EditorAssembliesLoaded (0ms)
			ExecutionOrderSort2 (0ms)
			AwakeInstancesAfterBackupRestoration (30ms)
Platform modules already initialized, skipping
Validating Project structure ... 0.001116 seconds.
Shader import version has changed; will reimport all shaders...
Upgrading shader files ...0.001122 seconds.
Application.AssetDatabase Initial Script Refresh Start
RefreshInfo: InitialScriptRefreshV2(NoUpdateAssetOptions) scanfilter:  ... 1 filters
RefreshProfiler: Total: 0.000ms
Application.AssetDatabase Initial Script Refresh End
Application.AssetDatabase.Refresh Start
Application.AssetDatabase.Refresh End
RefreshInfo: StopAssetImportingV2(ForceSynchronousImport) scanfilter: 
RefreshProfiler: Total: 0.000ms
Launching external process: /Applications/Unity/Hub/Editor/2020.3.33f1/Unity.app/Contents/Tools/UnityShaderCompiler
Launched and connected shader compiler UnityShaderCompiler after 0.02 seconds
Initializing Unity extensions:
2022-09-08 20:23:37.039 Unity[97934:10255454] NSEventModifierFlagFunction specified to -setKeyEquivalentModifierMask: for item <NSMenuItem: 0x600000cc8b60 Font Asset, ke='Command-F12'>, but is only supported for system-provided menu items; will not be used
2022-09-08 20:23:37.043 Unity[97934:10255454] NSEventModifierFlagFunction specified to -setKeyEquivalentModifierMask: for item <NSMenuItem: 0x600000ca5260 Font Asset, ke='Command-F12'>, but is only supported for system-provided menu items; will not be used
========================================================================
Worker process is ready to serve import requests
Refreshing native plugins compatible for Editor in 0.39 ms, found 3 plugins.
Preloading 0 native plugins for Editor in 0.00 ms.
Unloading 2210 Unused Serialized files (Serialized files now loaded: 0)
System memory in use before: 217.7 MB.
System memory in use after: 216.8 MB.

Unloading 111 unused Assets to reduce memory usage. Loaded Objects now: 2681.
Total: 2.848458 ms (FindLiveObjects: 0.113292 ms CreateObjectMapping: 0.046083 ms MarkObjects: 2.213042 ms  DeleteObjects: 0.474500 ms)

AssetImportParameters requested are different than current active one (requested -> active):
  custom:video-decoder-ogg-theora: a1e56fd34408186e4bbccfd4996cb3dc -> 
  custom:container-muxer-webm: aa71ff27fc2769a1b78a27578f13a17b -> 
  custom:container-demuxer-webm: 4f35f7cbe854078d1ac9338744f61a02 -> 
  custom:container-demuxer-ogg: 62fdf1f143b41e24485cea50d1cbac27 -> 
  custom:video-encoder-webm-vp8: eb34c28f22e8b96e1ab97ce403110664 -> 
  custom:framework-osx-AVFoundation: e770b220cccbd017edd2c1fefb359320 -> 
  custom:video-decoder-webm-vp8: 9c59270c3fd7afecdb556c50c9e8de78 -> 
  custom:audio-decoder-ogg-vorbis: bf7c407c2cedff20999df2af8eb42d56 -> 
  custom:audio-encoder-webm-vorbis: bf7c407c2cedff20999df2af8eb42d56 -> 
========================================================================
Received Import Request.
  path: Assets/Scripts/GameManager.cs
  artifactKey: Guid(0249251a42bef40a3b187d71d8812688) Importer(815301076,1909f56bfc062723c751e8b465ee728b)
Start importing Assets/Scripts/GameManager.cs using Guid(0249251a42bef40a3b187d71d8812688) Importer(815301076,1909f56bfc062723c751e8b465ee728b)  -> (artifact id: '40d31d5eca78b0e2fb6fe7ce33aff14b') in 0.101769 seconds 
========================================================================
Received Import Request.
  Time since last request: 9531.308696 seconds.
  path: Assets/Materials/RobotAnimations/jumpin1.png
  artifactKey: Guid(fc5503d4fa49b4f938867beea3ff755b) Importer(815301076,1909f56bfc062723c751e8b465ee728b)
Start importing Assets/Materials/RobotAnimations/jumpin1.png using Guid(fc5503d4fa49b4f938867beea3ff755b) Importer(815301076,1909f56bfc062723c751e8b465ee728b)  -> (artifact id: 'e8bb4044ed9956bbb66d06643cbe0e61') in 0.918253 seconds 
========================================================================
Received Import Request.
  Time since last request: 3.563378 seconds.
  path: Assets/Materials/RobotAnimations/jumpin2.png
  artifactKey: Guid(8845d30543db645ebb33a800e43e7047) Importer(815301076,1909f56bfc062723c751e8b465ee728b)
Start importing Assets/Materials/RobotAnimations/jumpin2.png using Guid(8845d30543db645ebb33a800e43e7047) Importer(815301076,1909f56bfc062723c751e8b465ee728b)  -> (artifact id: '9572021f6f2dcbc1bb47efb6d722898f') in 0.044302 seconds 
========================================================================
Received Import Request.
  Time since last request: 0.712867 seconds.
  path: Assets/Materials/RobotAnimations/jumpin3.png
  artifactKey: Guid(bc597d60c652a4ed1b8909972cc35370) Importer(815301076,1909f56bfc062723c751e8b465ee728b)
Start importing Assets/Materials/RobotAnimations/jumpin3.png using Guid(bc597d60c652a4ed1b8909972cc35370) Importer(815301076,1909f56bfc062723c751e8b465ee728b)  -> (artifact id: 'acb7b7beec942c4dafd97a26b72f43d8') in 0.025316 seconds 
========================================================================
Received Import Request.
  Time since last request: 0.588451 seconds.
  path: Assets/Materials/RobotAnimations/jumpin4.png
  artifactKey: Guid(782ecc18e96b844eaa70a4766d9b8cfe) Importer(815301076,1909f56bfc062723c751e8b465ee728b)
Start importing Assets/Materials/RobotAnimations/jumpin4.png using Guid(782ecc18e96b844eaa70a4766d9b8cfe) Importer(815301076,1909f56bfc062723c751e8b465ee728b)  -> (artifact id: 'e1b8b8475020b1a96144b1c06af9e5f5') in 0.029926 seconds 
========================================================================
Received Import Request.
  Time since last request: 0.675881 seconds.
  path: Assets/Materials/RobotAnimations/jumpin5.png
  artifactKey: Guid(e7529f1bfd6a4454e9f46f909b322abb) Importer(815301076,1909f56bfc062723c751e8b465ee728b)
Start importing Assets/Materials/RobotAnimations/jumpin5.png using Guid(e7529f1bfd6a4454e9f46f909b322abb) Importer(815301076,1909f56bfc062723c751e8b465ee728b)  -> (artifact id: '89198bfd88b970fa1f650963d1194474') in 0.032941 seconds 
========================================================================
Received Import Request.
  Time since last request: 1.140433 seconds.
  path: Assets/Materials/RobotAnimations/jumpin6.png
  artifactKey: Guid(1494bfce29aec4a2c9e5e03628f8dee3) Importer(815301076,1909f56bfc062723c751e8b465ee728b)
Start importing Assets/Materials/RobotAnimations/jumpin6.png using Guid(1494bfce29aec4a2c9e5e03628f8dee3) Importer(815301076,1909f56bfc062723c751e8b465ee728b)  -> (artifact id: 'f9d8277f4ca143b46c93e3eb4a12638a') in 0.042042 seconds 
========================================================================
Received Import Request.
  Time since last request: 4.963336 seconds.
  path: Assets/Materials/RobotAnimations/jumpin7.png
  artifactKey: Guid(f0126bea6b68346b084b24c06528a88d) Importer(815301076,1909f56bfc062723c751e8b465ee728b)
Start importing Assets/Materials/RobotAnimations/jumpin7.png using Guid(f0126bea6b68346b084b24c06528a88d) Importer(815301076,1909f56bfc062723c751e8b465ee728b)  -> (artifact id: 'cad009540dfce4899c33a8aa78a4987d') in 0.032231 seconds 
